[2023-11-02 21:34:56,652] multiqc                                            [DEBUG  ]  This is MultiQC v1.16
[2023-11-02 21:34:56,652] multiqc                                            [DEBUG  ]  Command used: /usr/local/bin/multiqc -d .
[2023-11-02 21:34:57,103] multiqc                                            [WARNING]  MultiQC Version v1.17 now available!
[2023-11-02 21:34:57,104] multiqc                                            [DEBUG  ]  Working dir : /home/ibg-4/course/Assign/trimmed
[2023-11-02 21:34:57,104] multiqc                                            [DEBUG  ]  Template    : default
[2023-11-02 21:34:57,104] multiqc                                            [DEBUG  ]  Running Python 3.8.10 (default, May 26 2023, 14:05:08)  [GCC 9.4.0]
[2023-11-02 21:34:57,104] multiqc                                            [INFO   ]  Prepending directory to sample names
[2023-11-02 21:34:57,105] multiqc                                            [DEBUG  ]  Analysing modules: custom_content, ccs, ngsderive, purple, conpair, lima, peddy, somalier, methylQA, mosdepth, phantompeakqualtools, qualimap, preseq, hifiasm, quast, qorts, rna_seqc, rockhopper, rsem, rseqc, busco, bustools, goleft_indexcov, gffcompare, disambiguate, supernova, deeptools, sargasso, verifybamid, mirtrace, happy, mirtop, sambamba, gopeaks, homer, hops, macs2, theta2, snpeff, gatk, htseq, bcftools, featureCounts, fgbio, dragen, dragen_fastqc, dedup, pbmarkdup, damageprofiler, mapdamage, biobambam2, jcvi, mtnucratio, picard, vep, sentieon, bakta, prokka, qc3C, nanostat, samblaster, samtools, sexdeterrmine, eigenstratdatabasetools, bamtools, jellyfish, vcftools, longranger, stacks, varscan2, snippy, umitools, bbmap, bismark, biscuit, diamond, hicexplorer, hicup, hicpro, salmon, kallisto, slamdunk, star, hisat2, tophat, bowtie2, bowtie1, cellranger, snpsplit, odgi, pangolin, nextclade, freyja, humid, kat, leehom, librarian, adapterRemoval, bbduk, clipandmerge, cutadapt, flexbar, sourmash, kaiju, kraken, malt, motus, trimmomatic, sickle, skewer, sortmerna, biobloomtools, fastq_screen, afterqc, fastp, fastqc, filtlong, prinseqplusplus, pychopper, porechop, pycoqc, minionqc, anglerfish, multivcfanalyzer, clusterflow, checkqc, bcl2fastq, bclconvert, interop, ivar, flash, seqyclean, optitype, whatshap
[2023-11-02 21:34:57,105] multiqc                                            [DEBUG  ]  Using temporary directory for creating report: /tmp/tmpmzqsw1dq
[2023-11-02 21:34:57,114] multiqc                                            [INFO   ]  Search path : /home/ibg-4/course/Assign/trimmed
[2023-11-02 21:34:57,322] multiqc                                            [DEBUG  ]  Summary of files that were skipped by the search: [skipped_file_contents_search_errors: 516] // [skipped_module_specific_max_filesize: 270] // [skipped_no_match: 56] // [skipped_ignore_pattern: 24] // [skipped_filesize_limit: 1]
[2023-11-02 21:34:57,614] multiqc.plots.bargraph                             [DEBUG  ]  Using matplotlib version 3.7.3
[2023-11-02 21:34:57,615] multiqc.plots.linegraph                            [DEBUG  ]  Using matplotlib version 3.7.3
[2023-11-02 21:34:57,615] multiqc                                            [DEBUG  ]  No samples found: custom_content
[2023-11-02 21:34:57,618] multiqc.modules.kallisto.kallisto                  [INFO   ]  Found 6 reports
[2023-11-02 21:34:57,646] multiqc.modules.fastqc.fastqc                      [INFO   ]  Found 12 reports
[2023-11-02 21:34:57,834] multiqc.utils.software_versions                    [DEBUG  ]  Reading software versions from config.software_versions
[2023-11-02 21:34:57,849] multiqc                                            [DEBUG  ]  Compressing plot data
[2023-11-02 21:34:57,996] multiqc                                            [INFO   ]  Report      : multiqc_report.html
[2023-11-02 21:34:57,996] multiqc                                            [INFO   ]  Data        : multiqc_data
[2023-11-02 21:34:57,997] multiqc                                            [DEBUG  ]  Moving data file from '/tmp/tmpmzqsw1dq/multiqc_data' to '/home/ibg-4/course/Assign/trimmed/multiqc_data'
[2023-11-02 21:34:58,006] multiqc                                            [DEBUG  ]  Full report path: /home/ibg-4/course/Assign/trimmed/multiqc_report.html
[2023-11-02 21:34:58,089] multiqc                                            [INFO   ]  MultiQC complete
